{"/home/qoyyima/Documents/bareksa-technical-test/src/components/Calendar.js": {"path":"/home/qoyyima/Documents/bareksa-technical-test/src/components/Calendar.js","statementMap":{"0":{"start":{"line":6,"column":23},"end":{"line":44,"column":1}},"1":{"start":{"line":7,"column":30},"end":{"line":7,"column":45}},"2":{"start":{"line":8,"column":2},"end":{"line":10,"column":12}},"3":{"start":{"line":9,"column":4},"end":{"line":9,"column":19}},"4":{"start":{"line":11,"column":19},"end":{"line":13,"column":3}},"5":{"start":{"line":12,"column":4},"end":{"line":12,"column":16}},"6":{"start":{"line":15,"column":19},"end":{"line":17,"column":3}},"7":{"start":{"line":16,"column":4},"end":{"line":16,"column":19}},"8":{"start":{"line":19,"column":2},"end":{"line":43,"column":4}},"9":{"start":{"line":27,"column":48},"end":{"line":27,"column":98}},"10":{"start":{"line":31,"column":37},"end":{"line":31,"column":101}}},"fnMap":{"0":{"name":"(anonymous_0)","decl":{"start":{"line":6,"column":23},"end":{"line":6,"column":24}},"loc":{"start":{"line":6,"column":56},"end":{"line":44,"column":1}},"line":6},"1":{"name":"(anonymous_1)","decl":{"start":{"line":8,"column":12},"end":{"line":8,"column":13}},"loc":{"start":{"line":8,"column":18},"end":{"line":10,"column":3}},"line":8},"2":{"name":"(anonymous_2)","decl":{"start":{"line":11,"column":19},"end":{"line":11,"column":20}},"loc":{"start":{"line":11,"column":25},"end":{"line":13,"column":3}},"line":11},"3":{"name":"(anonymous_3)","decl":{"start":{"line":15,"column":19},"end":{"line":15,"column":20}},"loc":{"start":{"line":15,"column":25},"end":{"line":17,"column":3}},"line":15},"4":{"name":"(anonymous_4)","decl":{"start":{"line":27,"column":30},"end":{"line":27,"column":31}},"loc":{"start":{"line":27,"column":48},"end":{"line":27,"column":98}},"line":27},"5":{"name":"(anonymous_5)","decl":{"start":{"line":31,"column":25},"end":{"line":31,"column":26}},"loc":{"start":{"line":31,"column":37},"end":{"line":31,"column":101}},"line":31}},"branchMap":{"0":{"loc":{"start":{"line":22,"column":6},"end":{"line":32,"column":10}},"type":"binary-expr","locations":[{"start":{"line":22,"column":6},"end":{"line":22,"column":11}},{"start":{"line":22,"column":15},"end":{"line":22,"column":18}},{"start":{"line":22,"column":22},"end":{"line":22,"column":25}},{"start":{"line":23,"column":8},"end":{"line":32,"column":10}}],"line":22},"1":{"loc":{"start":{"line":31,"column":37},"end":{"line":31,"column":101}},"type":"cond-expr","locations":[{"start":{"line":31,"column":59},"end":{"line":31,"column":67}},{"start":{"line":31,"column":70},"end":{"line":31,"column":101}}],"line":31},"2":{"loc":{"start":{"line":31,"column":70},"end":{"line":31,"column":101}},"type":"binary-expr","locations":[{"start":{"line":31,"column":70},"end":{"line":31,"column":89}},{"start":{"line":31,"column":93},"end":{"line":31,"column":101}}],"line":31}},"s":{"0":2,"1":5,"2":5,"3":1,"4":5,"5":0,"6":5,"7":0,"8":5,"9":0,"10":0},"f":{"0":5,"1":1,"2":0,"3":0,"4":0,"5":0},"b":{"0":[5,0,0,0],"1":[0,0],"2":[0,0]},"_coverageSchema":"1a1c01bbd47fc00a2c39e90264f33305004495a9","hash":"c39e2aa051103e989b293e2b280cdf3e97411264"}
,"/home/qoyyima/Documents/bareksa-technical-test/src/components/Conversion.js": {"path":"/home/qoyyima/Documents/bareksa-technical-test/src/components/Conversion.js","statementMap":{"0":{"start":{"line":6,"column":19},"end":{"line":79,"column":1}},"1":{"start":{"line":7,"column":34},"end":{"line":7,"column":46}},"2":{"start":{"line":8,"column":4},"end":{"line":27,"column":13}},"3":{"start":{"line":9,"column":19},"end":{"line":9,"column":21}},"4":{"start":{"line":10,"column":8},"end":{"line":18,"column":9}},"5":{"start":{"line":11,"column":12},"end":{"line":17,"column":13}},"6":{"start":{"line":11,"column":24},"end":{"line":11,"column":25}},"7":{"start":{"line":12,"column":16},"end":{"line":16,"column":17}},"8":{"start":{"line":13,"column":20},"end":{"line":13,"column":87}},"9":{"start":{"line":15,"column":20},"end":{"line":15,"column":86}},"10":{"start":{"line":19,"column":18},"end":{"line":19,"column":20}},"11":{"start":{"line":20,"column":8},"end":{"line":25,"column":10}},"12":{"start":{"line":21,"column":12},"end":{"line":24,"column":14}},"13":{"start":{"line":26,"column":8},"end":{"line":26,"column":23}},"14":{"start":{"line":29,"column":16},"end":{"line":67,"column":9}},"15":{"start":{"line":29,"column":22},"end":{"line":67,"column":9}},"16":{"start":{"line":68,"column":4},"end":{"line":78,"column":5}}},"fnMap":{"0":{"name":"(anonymous_0)","decl":{"start":{"line":6,"column":19},"end":{"line":6,"column":20}},"loc":{"start":{"line":6,"column":31},"end":{"line":79,"column":1}},"line":6},"1":{"name":"(anonymous_1)","decl":{"start":{"line":8,"column":14},"end":{"line":8,"column":15}},"loc":{"start":{"line":8,"column":20},"end":{"line":27,"column":5}},"line":8},"2":{"name":"(anonymous_2)","decl":{"start":{"line":20,"column":34},"end":{"line":20,"column":35}},"loc":{"start":{"line":20,"column":42},"end":{"line":25,"column":9}},"line":20},"3":{"name":"(anonymous_3)","decl":{"start":{"line":29,"column":16},"end":{"line":29,"column":17}},"loc":{"start":{"line":29,"column":22},"end":{"line":67,"column":9}},"line":29}},"branchMap":{"0":{"loc":{"start":{"line":10,"column":8},"end":{"line":18,"column":9}},"type":"if","locations":[{"start":{"line":10,"column":8},"end":{"line":18,"column":9}},{"start":{"line":10,"column":8},"end":{"line":18,"column":9}}],"line":10},"1":{"loc":{"start":{"line":12,"column":16},"end":{"line":16,"column":17}},"type":"if","locations":[{"start":{"line":12,"column":16},"end":{"line":16,"column":17}},{"start":{"line":12,"column":16},"end":{"line":16,"column":17}}],"line":12}},"s":{"0":2,"1":6,"2":6,"3":1,"4":1,"5":1,"6":1,"7":1,"8":0,"9":1,"10":1,"11":1,"12":1,"13":1,"14":6,"15":3,"16":6},"f":{"0":6,"1":1,"2":1,"3":3},"b":{"0":[1,0],"1":[0,1]},"_coverageSchema":"1a1c01bbd47fc00a2c39e90264f33305004495a9","hash":"7309bddbf0c29bab351c230907349173cd9743f8"}
,"/home/qoyyima/Documents/bareksa-technical-test/src/components/Header.js": {"path":"/home/qoyyima/Documents/bareksa-technical-test/src/components/Header.js","statementMap":{"0":{"start":{"line":6,"column":15},"end":{"line":53,"column":1}},"1":{"start":{"line":7,"column":21},"end":{"line":10,"column":5}},"2":{"start":{"line":8,"column":8},"end":{"line":8,"column":27}},"3":{"start":{"line":9,"column":8},"end":{"line":9,"column":45}},"4":{"start":{"line":11,"column":4},"end":{"line":52,"column":5}}},"fnMap":{"0":{"name":"(anonymous_0)","decl":{"start":{"line":6,"column":15},"end":{"line":6,"column":16}},"loc":{"start":{"line":6,"column":21},"end":{"line":53,"column":1}},"line":6},"1":{"name":"(anonymous_1)","decl":{"start":{"line":7,"column":21},"end":{"line":7,"column":22}},"loc":{"start":{"line":7,"column":28},"end":{"line":10,"column":5}},"line":7}},"branchMap":{},"s":{"0":3,"1":8,"2":0,"3":0,"4":8},"f":{"0":8,"1":0},"b":{},"_coverageSchema":"1a1c01bbd47fc00a2c39e90264f33305004495a9","hash":"efab62f0e5fef0d26b310533024974fb2eec2722"}
,"/home/qoyyima/Documents/bareksa-technical-test/src/components/Loading.js": {"path":"/home/qoyyima/Documents/bareksa-technical-test/src/components/Loading.js","statementMap":{"0":{"start":{"line":4,"column":16},"end":{"line":10,"column":1}},"1":{"start":{"line":5,"column":4},"end":{"line":9,"column":5}}},"fnMap":{"0":{"name":"(anonymous_0)","decl":{"start":{"line":4,"column":16},"end":{"line":4,"column":17}},"loc":{"start":{"line":4,"column":22},"end":{"line":10,"column":1}},"line":4}},"branchMap":{},"s":{"0":1,"1":2},"f":{"0":2},"b":{},"_coverageSchema":"1a1c01bbd47fc00a2c39e90264f33305004495a9","hash":"d9079bec6e701cd5836fb67f0d48b95d64732f28"}
,"/home/qoyyima/Documents/bareksa-technical-test/src/components/Orders.js": {"path":"/home/qoyyima/Documents/bareksa-technical-test/src/components/Orders.js","statementMap":{"0":{"start":{"line":4,"column":15},"end":{"line":57,"column":1}},"1":{"start":{"line":5,"column":4},"end":{"line":56,"column":5}},"2":{"start":{"line":28,"column":32},"end":{"line":49,"column":37}},"3":{"start":{"line":63,"column":12},"end":{"line":63,"column":36}},"4":{"start":{"line":64,"column":17},"end":{"line":64,"column":78}},"5":{"start":{"line":65,"column":15},"end":{"line":65,"column":30}},"6":{"start":{"line":66,"column":16},"end":{"line":66,"column":36}},"7":{"start":{"line":67,"column":15},"end":{"line":67,"column":26}},"8":{"start":{"line":68,"column":15},"end":{"line":68,"column":27}},"9":{"start":{"line":69,"column":14},"end":{"line":69,"column":28}},"10":{"start":{"line":70,"column":15},"end":{"line":70,"column":161}},"11":{"start":{"line":71,"column":4},"end":{"line":71,"column":16}}},"fnMap":{"0":{"name":"(anonymous_0)","decl":{"start":{"line":4,"column":15},"end":{"line":4,"column":16}},"loc":{"start":{"line":4,"column":34},"end":{"line":57,"column":1}},"line":4},"1":{"name":"(anonymous_1)","decl":{"start":{"line":27,"column":38},"end":{"line":27,"column":39}},"loc":{"start":{"line":28,"column":32},"end":{"line":49,"column":37}},"line":28},"2":{"name":"timeConverter","decl":{"start":{"line":62,"column":9},"end":{"line":62,"column":22}},"loc":{"start":{"line":62,"column":38},"end":{"line":72,"column":3}},"line":62}},"branchMap":{"0":{"loc":{"start":{"line":70,"column":56},"end":{"line":70,"column":104}},"type":"cond-expr","locations":[{"start":{"line":70,"column":87},"end":{"line":70,"column":97}},{"start":{"line":70,"column":100},"end":{"line":70,"column":104}}],"line":70},"1":{"loc":{"start":{"line":70,"column":115},"end":{"line":70,"column":160}},"type":"cond-expr","locations":[{"start":{"line":70,"column":145},"end":{"line":70,"column":154}},{"start":{"line":70,"column":157},"end":{"line":70,"column":160}}],"line":70}},"s":{"0":2,"1":6,"2":0,"3":0,"4":0,"5":0,"6":0,"7":0,"8":0,"9":0,"10":0,"11":0},"f":{"0":6,"1":0,"2":0},"b":{"0":[0,0],"1":[0,0]},"_coverageSchema":"1a1c01bbd47fc00a2c39e90264f33305004495a9","hash":"f94722ae0db5cab984d9291be1e091ef9923e50d"}
,"/home/qoyyima/Documents/bareksa-technical-test/src/components/Revenue.js": {"path":"/home/qoyyima/Documents/bareksa-technical-test/src/components/Revenue.js","statementMap":{"0":{"start":{"line":8,"column":16},"end":{"line":156,"column":1}},"1":{"start":{"line":9,"column":36},"end":{"line":9,"column":48}},"2":{"start":{"line":10,"column":26},"end":{"line":13,"column":6}},"3":{"start":{"line":14,"column":4},"end":{"line":44,"column":13}},"4":{"start":{"line":15,"column":19},"end":{"line":15,"column":21}},"5":{"start":{"line":16,"column":8},"end":{"line":29,"column":9}},"6":{"start":{"line":17,"column":12},"end":{"line":28,"column":13}},"7":{"start":{"line":17,"column":24},"end":{"line":17,"column":25}},"8":{"start":{"line":18,"column":27},"end":{"line":18,"column":55}},"9":{"start":{"line":19,"column":26},"end":{"line":19,"column":95}},"10":{"start":{"line":20,"column":16},"end":{"line":27,"column":17}},"11":{"start":{"line":21,"column":20},"end":{"line":21,"column":73}},"12":{"start":{"line":23,"column":20},"end":{"line":26,"column":21}},"13":{"start":{"line":30,"column":18},"end":{"line":30,"column":20}},"14":{"start":{"line":31,"column":20},"end":{"line":31,"column":21}},"15":{"start":{"line":32,"column":8},"end":{"line":38,"column":10}},"16":{"start":{"line":33,"column":12},"end":{"line":33,"column":33}},"17":{"start":{"line":34,"column":12},"end":{"line":37,"column":14}},"18":{"start":{"line":39,"column":8},"end":{"line":39,"column":24}},"19":{"start":{"line":40,"column":8},"end":{"line":43,"column":10}},"20":{"start":{"line":46,"column":22},"end":{"line":51,"column":5}},"21":{"start":{"line":53,"column":20},"end":{"line":123,"column":7}},"22":{"start":{"line":99,"column":20},"end":{"line":99,"column":49}},"23":{"start":{"line":125,"column":19},"end":{"line":133,"column":7}},"24":{"start":{"line":126,"column":8},"end":{"line":132,"column":14}},"25":{"start":{"line":135,"column":4},"end":{"line":155,"column":5}}},"fnMap":{"0":{"name":"(anonymous_0)","decl":{"start":{"line":8,"column":16},"end":{"line":8,"column":17}},"loc":{"start":{"line":8,"column":28},"end":{"line":156,"column":1}},"line":8},"1":{"name":"(anonymous_1)","decl":{"start":{"line":14,"column":14},"end":{"line":14,"column":15}},"loc":{"start":{"line":14,"column":20},"end":{"line":44,"column":5}},"line":14},"2":{"name":"(anonymous_2)","decl":{"start":{"line":32,"column":34},"end":{"line":32,"column":35}},"loc":{"start":{"line":32,"column":42},"end":{"line":38,"column":9}},"line":32},"3":{"name":"(anonymous_3)","decl":{"start":{"line":98,"column":27},"end":{"line":98,"column":28}},"loc":{"start":{"line":98,"column":39},"end":{"line":100,"column":17}},"line":98},"4":{"name":"(anonymous_4)","decl":{"start":{"line":125,"column":19},"end":{"line":125,"column":20}},"loc":{"start":{"line":126,"column":8},"end":{"line":132,"column":14}},"line":126}},"branchMap":{"0":{"loc":{"start":{"line":16,"column":8},"end":{"line":29,"column":9}},"type":"if","locations":[{"start":{"line":16,"column":8},"end":{"line":29,"column":9}},{"start":{"line":16,"column":8},"end":{"line":29,"column":9}}],"line":16},"1":{"loc":{"start":{"line":20,"column":16},"end":{"line":27,"column":17}},"type":"if","locations":[{"start":{"line":20,"column":16},"end":{"line":27,"column":17}},{"start":{"line":20,"column":16},"end":{"line":27,"column":17}}],"line":20}},"s":{"0":2,"1":7,"2":7,"3":7,"4":1,"5":1,"6":1,"7":1,"8":1,"9":1,"10":1,"11":0,"12":1,"13":1,"14":1,"15":1,"16":1,"17":1,"18":1,"19":1,"20":7,"21":7,"22":5,"23":7,"24":3,"25":7},"f":{"0":7,"1":1,"2":1,"3":5,"4":3},"b":{"0":[1,0],"1":[0,1]},"_coverageSchema":"1a1c01bbd47fc00a2c39e90264f33305004495a9","hash":"f58e6891c5b2f22a421d5a96875a576d5d8ccd9a"}
,"/home/qoyyima/Documents/bareksa-technical-test/src/components/SubHeader.js": {"path":"/home/qoyyima/Documents/bareksa-technical-test/src/components/SubHeader.js","statementMap":{"0":{"start":{"line":4,"column":18},"end":{"line":16,"column":1}},"1":{"start":{"line":5,"column":17},"end":{"line":5,"column":27}},"2":{"start":{"line":6,"column":26},"end":{"line":8,"column":6}},"3":{"start":{"line":9,"column":4},"end":{"line":15,"column":5}}},"fnMap":{"0":{"name":"(anonymous_0)","decl":{"start":{"line":4,"column":18},"end":{"line":4,"column":19}},"loc":{"start":{"line":4,"column":24},"end":{"line":16,"column":1}},"line":4}},"branchMap":{},"s":{"0":3,"1":5,"2":5,"3":5},"f":{"0":5},"b":{},"_coverageSchema":"1a1c01bbd47fc00a2c39e90264f33305004495a9","hash":"82ccadc5bda8616e661858348473ce327c3672ba"}
,"/home/qoyyima/Documents/bareksa-technical-test/src/components/Users.js": {"path":"/home/qoyyima/Documents/bareksa-technical-test/src/components/Users.js","statementMap":{"0":{"start":{"line":7,"column":0},"end":{"line":7,"column":23}},"1":{"start":{"line":9,"column":14},"end":{"line":78,"column":1}},"2":{"start":{"line":10,"column":34},"end":{"line":10,"column":46}},"3":{"start":{"line":11,"column":4},"end":{"line":23,"column":13}},"4":{"start":{"line":12,"column":8},"end":{"line":22,"column":9}},"5":{"start":{"line":13,"column":22},"end":{"line":13,"column":24}},"6":{"start":{"line":14,"column":12},"end":{"line":20,"column":14}},"7":{"start":{"line":15,"column":16},"end":{"line":19,"column":18}},"8":{"start":{"line":21,"column":12},"end":{"line":21,"column":27}},"9":{"start":{"line":25,"column":16},"end":{"line":65,"column":9}},"10":{"start":{"line":25,"column":22},"end":{"line":65,"column":9}},"11":{"start":{"line":67,"column":4},"end":{"line":77,"column":5}}},"fnMap":{"0":{"name":"(anonymous_0)","decl":{"start":{"line":9,"column":14},"end":{"line":9,"column":15}},"loc":{"start":{"line":9,"column":26},"end":{"line":78,"column":1}},"line":9},"1":{"name":"(anonymous_1)","decl":{"start":{"line":11,"column":14},"end":{"line":11,"column":15}},"loc":{"start":{"line":11,"column":20},"end":{"line":23,"column":5}},"line":11},"2":{"name":"(anonymous_2)","decl":{"start":{"line":14,"column":38},"end":{"line":14,"column":39}},"loc":{"start":{"line":14,"column":46},"end":{"line":20,"column":13}},"line":14},"3":{"name":"(anonymous_3)","decl":{"start":{"line":25,"column":16},"end":{"line":25,"column":17}},"loc":{"start":{"line":25,"column":22},"end":{"line":65,"column":9}},"line":25}},"branchMap":{"0":{"loc":{"start":{"line":12,"column":8},"end":{"line":22,"column":9}},"type":"if","locations":[{"start":{"line":12,"column":8},"end":{"line":22,"column":9}},{"start":{"line":12,"column":8},"end":{"line":22,"column":9}}],"line":12}},"s":{"0":2,"1":2,"2":6,"3":6,"4":1,"5":1,"6":1,"7":4,"8":1,"9":6,"10":3,"11":6},"f":{"0":6,"1":1,"2":4,"3":3},"b":{"0":[1,0]},"_coverageSchema":"1a1c01bbd47fc00a2c39e90264f33305004495a9","hash":"cf04ee102a290798801c8ced75406274ce508810"}
,"/home/qoyyima/Documents/bareksa-technical-test/src/layout/Layout.js": {"path":"/home/qoyyima/Documents/bareksa-technical-test/src/layout/Layout.js","statementMap":{"0":{"start":{"line":5,"column":15},"end":{"line":15,"column":1}},"1":{"start":{"line":6,"column":2},"end":{"line":14,"column":4}}},"fnMap":{"0":{"name":"(anonymous_0)","decl":{"start":{"line":5,"column":15},"end":{"line":5,"column":16}},"loc":{"start":{"line":5,"column":33},"end":{"line":15,"column":1}},"line":5}},"branchMap":{},"s":{"0":2,"1":4},"f":{"0":4},"b":{},"_coverageSchema":"1a1c01bbd47fc00a2c39e90264f33305004495a9","hash":"f304ae6e8f5e8945b4e0eefcc53f3cd8a945bd91"}
,"/home/qoyyima/Documents/bareksa-technical-test/src/pages/Home.js": {"path":"/home/qoyyima/Documents/bareksa-technical-test/src/pages/Home.js","statementMap":{"0":{"start":{"line":11,"column":13},"end":{"line":43,"column":1}},"1":{"start":{"line":12,"column":28},"end":{"line":12,"column":40}},"2":{"start":{"line":13,"column":34},"end":{"line":13,"column":48}},"3":{"start":{"line":15,"column":2},"end":{"line":21,"column":7}},"4":{"start":{"line":16,"column":4},"end":{"line":20,"column":37}},"5":{"start":{"line":17,"column":22},"end":{"line":17,"column":37}},"6":{"start":{"line":18,"column":18},"end":{"line":18,"column":58}},"7":{"start":{"line":19,"column":18},"end":{"line":19,"column":36}},"8":{"start":{"line":20,"column":19},"end":{"line":20,"column":36}},"9":{"start":{"line":23,"column":2},"end":{"line":42,"column":4}},"10":{"start":{"line":45,"column":22},"end":{"line":84,"column":1}},"11":{"start":{"line":46,"column":40},"end":{"line":46,"column":50}},"12":{"start":{"line":47,"column":30},"end":{"line":47,"column":40}},"13":{"start":{"line":48,"column":34},"end":{"line":48,"column":46}},"14":{"start":{"line":49,"column":26},"end":{"line":49,"column":36}},"15":{"start":{"line":50,"column":26},"end":{"line":50,"column":36}},"16":{"start":{"line":52,"column":2},"end":{"line":65,"column":7}},"17":{"start":{"line":53,"column":4},"end":{"line":64,"column":5}},"18":{"start":{"line":54,"column":17},"end":{"line":58,"column":8}},"19":{"start":{"line":55,"column":8},"end":{"line":55,"column":57}},"20":{"start":{"line":56,"column":8},"end":{"line":56,"column":53}},"21":{"start":{"line":57,"column":8},"end":{"line":57,"column":17}},"22":{"start":{"line":59,"column":6},"end":{"line":59,"column":25}},"23":{"start":{"line":60,"column":6},"end":{"line":60,"column":22}},"24":{"start":{"line":61,"column":6},"end":{"line":61,"column":33}},"25":{"start":{"line":62,"column":6},"end":{"line":62,"column":43}},"26":{"start":{"line":63,"column":6},"end":{"line":63,"column":90}},"27":{"start":{"line":67,"column":2},"end":{"line":76,"column":12}},"28":{"start":{"line":68,"column":4},"end":{"line":75,"column":5}},"29":{"start":{"line":69,"column":17},"end":{"line":69,"column":35}},"30":{"start":{"line":70,"column":17},"end":{"line":70,"column":35}},"31":{"start":{"line":71,"column":17},"end":{"line":73,"column":8}},"32":{"start":{"line":72,"column":8},"end":{"line":72,"column":107}},"33":{"start":{"line":74,"column":6},"end":{"line":74,"column":22}},"34":{"start":{"line":78,"column":2},"end":{"line":83,"column":3}}},"fnMap":{"0":{"name":"(anonymous_0)","decl":{"start":{"line":11,"column":13},"end":{"line":11,"column":14}},"loc":{"start":{"line":11,"column":19},"end":{"line":43,"column":1}},"line":11},"1":{"name":"(anonymous_1)","decl":{"start":{"line":15,"column":12},"end":{"line":15,"column":13}},"loc":{"start":{"line":15,"column":18},"end":{"line":21,"column":3}},"line":15},"2":{"name":"(anonymous_2)","decl":{"start":{"line":17,"column":10},"end":{"line":17,"column":11}},"loc":{"start":{"line":17,"column":22},"end":{"line":17,"column":37}},"line":17},"3":{"name":"(anonymous_3)","decl":{"start":{"line":18,"column":10},"end":{"line":18,"column":11}},"loc":{"start":{"line":18,"column":18},"end":{"line":18,"column":58}},"line":18},"4":{"name":"(anonymous_4)","decl":{"start":{"line":19,"column":11},"end":{"line":19,"column":12}},"loc":{"start":{"line":19,"column":18},"end":{"line":19,"column":36}},"line":19},"5":{"name":"(anonymous_5)","decl":{"start":{"line":20,"column":13},"end":{"line":20,"column":14}},"loc":{"start":{"line":20,"column":19},"end":{"line":20,"column":36}},"line":20},"6":{"name":"(anonymous_6)","decl":{"start":{"line":45,"column":22},"end":{"line":45,"column":23}},"loc":{"start":{"line":45,"column":39},"end":{"line":84,"column":1}},"line":45},"7":{"name":"(anonymous_7)","decl":{"start":{"line":52,"column":12},"end":{"line":52,"column":13}},"loc":{"start":{"line":52,"column":18},"end":{"line":65,"column":3}},"line":52},"8":{"name":"(anonymous_8)","decl":{"start":{"line":54,"column":31},"end":{"line":54,"column":32}},"loc":{"start":{"line":54,"column":37},"end":{"line":58,"column":7}},"line":54},"9":{"name":"(anonymous_9)","decl":{"start":{"line":67,"column":12},"end":{"line":67,"column":13}},"loc":{"start":{"line":67,"column":18},"end":{"line":76,"column":3}},"line":67},"10":{"name":"(anonymous_10)","decl":{"start":{"line":71,"column":40},"end":{"line":71,"column":41}},"loc":{"start":{"line":71,"column":46},"end":{"line":73,"column":7}},"line":71}},"branchMap":{"0":{"loc":{"start":{"line":18,"column":18},"end":{"line":18,"column":58}},"type":"binary-expr","locations":[{"start":{"line":18,"column":18},"end":{"line":18,"column":36}},{"start":{"line":18,"column":40},"end":{"line":18,"column":58}}],"line":18},"1":{"loc":{"start":{"line":26,"column":8},"end":{"line":39,"column":9}},"type":"cond-expr","locations":[{"start":{"line":26,"column":19},"end":{"line":26,"column":30}},{"start":{"line":27,"column":10},"end":{"line":38,"column":16}}],"line":26},"2":{"loc":{"start":{"line":34,"column":14},"end":{"line":36,"column":15}},"type":"binary-expr","locations":[{"start":{"line":34,"column":14},"end":{"line":34,"column":26}},{"start":{"line":35,"column":16},"end":{"line":35,"column":53}}],"line":34},"3":{"loc":{"start":{"line":45,"column":24},"end":{"line":45,"column":33}},"type":"default-arg","locations":[{"start":{"line":45,"column":31},"end":{"line":45,"column":33}}],"line":45},"4":{"loc":{"start":{"line":53,"column":4},"end":{"line":64,"column":5}},"type":"if","locations":[{"start":{"line":53,"column":4},"end":{"line":64,"column":5}},{"start":{"line":53,"column":4},"end":{"line":64,"column":5}}],"line":53},"5":{"loc":{"start":{"line":68,"column":4},"end":{"line":75,"column":5}},"type":"if","locations":[{"start":{"line":68,"column":4},"end":{"line":75,"column":5}},{"start":{"line":68,"column":4},"end":{"line":75,"column":5}}],"line":68},"6":{"loc":{"start":{"line":68,"column":7},"end":{"line":68,"column":31}},"type":"binary-expr","locations":[{"start":{"line":68,"column":7},"end":{"line":68,"column":17}},{"start":{"line":68,"column":21},"end":{"line":68,"column":31}}],"line":68},"7":{"loc":{"start":{"line":72,"column":15},"end":{"line":72,"column":107}},"type":"binary-expr","locations":[{"start":{"line":72,"column":16},"end":{"line":72,"column":36}},{"start":{"line":72,"column":40},"end":{"line":72,"column":60}},{"start":{"line":72,"column":66},"end":{"line":72,"column":84}},{"start":{"line":72,"column":88},"end":{"line":72,"column":106}}],"line":72}},"s":{"0":1,"1":4,"2":3,"3":3,"4":1,"5":1,"6":1,"7":0,"8":1,"9":3,"10":1,"11":1,"12":1,"13":1,"14":1,"15":1,"16":1,"17":0,"18":0,"19":0,"20":0,"21":0,"22":0,"23":0,"24":0,"25":0,"26":0,"27":1,"28":0,"29":0,"30":0,"31":0,"32":0,"33":0,"34":1},"f":{"0":4,"1":1,"2":1,"3":1,"4":0,"5":1,"6":1,"7":0,"8":0,"9":0,"10":0},"b":{"0":[1,1],"1":[2,1],"2":[1,1],"3":[0],"4":[0,0],"5":[0,0],"6":[0,0],"7":[0,0,0,0]},"_coverageSchema":"1a1c01bbd47fc00a2c39e90264f33305004495a9","hash":"5ebd8e4cca0c855cbaf0773928a9217b166a2ee8"}
}
