TN:
SF:src/components/Calendar.js
FN:6,(anonymous_0)
FN:8,(anonymous_1)
FN:11,(anonymous_2)
FN:15,(anonymous_3)
FN:27,(anonymous_4)
FN:31,(anonymous_5)
FNF:6
FNH:2
FNDA:5,(anonymous_0)
FNDA:1,(anonymous_1)
FNDA:0,(anonymous_2)
FNDA:0,(anonymous_3)
FNDA:0,(anonymous_4)
FNDA:0,(anonymous_5)
DA:6,2
DA:7,5
DA:8,5
DA:9,1
DA:11,5
DA:12,0
DA:15,5
DA:16,0
DA:19,5
DA:27,0
DA:31,0
LF:11
LH:7
BRDA:22,0,0,5
BRDA:22,0,1,0
BRDA:22,0,2,0
BRDA:22,0,3,0
BRDA:31,1,0,0
BRDA:31,1,1,0
BRDA:31,2,0,0
BRDA:31,2,1,0
BRF:8
BRH:1
end_of_record
TN:
SF:src/components/Conversion.js
FN:6,(anonymous_0)
FN:8,(anonymous_1)
FN:20,(anonymous_2)
FN:29,(anonymous_3)
FNF:4
FNH:4
FNDA:6,(anonymous_0)
FNDA:1,(anonymous_1)
FNDA:1,(anonymous_2)
FNDA:3,(anonymous_3)
DA:6,2
DA:7,6
DA:8,6
DA:9,1
DA:10,1
DA:11,1
DA:12,1
DA:13,0
DA:15,1
DA:19,1
DA:20,1
DA:21,1
DA:26,1
DA:29,6
DA:68,6
LF:15
LH:14
BRDA:10,0,0,1
BRDA:10,0,1,0
BRDA:12,1,0,0
BRDA:12,1,1,1
BRF:4
BRH:2
end_of_record
TN:
SF:src/components/Header.js
FN:6,(anonymous_0)
FN:7,(anonymous_1)
FNF:2
FNH:1
FNDA:8,(anonymous_0)
FNDA:0,(anonymous_1)
DA:6,3
DA:7,8
DA:8,0
DA:9,0
DA:11,8
LF:5
LH:3
BRF:0
BRH:0
end_of_record
TN:
SF:src/components/Loading.js
FN:4,(anonymous_0)
FNF:1
FNH:1
FNDA:2,(anonymous_0)
DA:4,1
DA:5,2
LF:2
LH:2
BRF:0
BRH:0
end_of_record
TN:
SF:src/components/Orders.js
FN:4,(anonymous_0)
FN:27,(anonymous_1)
FN:62,timeConverter
FNF:3
FNH:1
FNDA:6,(anonymous_0)
FNDA:0,(anonymous_1)
FNDA:0,timeConverter
DA:4,2
DA:5,6
DA:28,0
DA:63,0
DA:64,0
DA:65,0
DA:66,0
DA:67,0
DA:68,0
DA:69,0
DA:70,0
DA:71,0
LF:12
LH:2
BRDA:70,0,0,0
BRDA:70,0,1,0
BRDA:70,1,0,0
BRDA:70,1,1,0
BRF:4
BRH:0
end_of_record
TN:
SF:src/components/Revenue.js
FN:8,(anonymous_0)
FN:14,(anonymous_1)
FN:32,(anonymous_2)
FN:98,(anonymous_3)
FN:125,(anonymous_4)
FNF:5
FNH:5
FNDA:7,(anonymous_0)
FNDA:1,(anonymous_1)
FNDA:1,(anonymous_2)
FNDA:5,(anonymous_3)
FNDA:3,(anonymous_4)
DA:8,2
DA:9,7
DA:10,7
DA:14,7
DA:15,1
DA:16,1
DA:17,1
DA:18,1
DA:19,1
DA:20,1
DA:21,0
DA:23,1
DA:30,1
DA:31,1
DA:32,1
DA:33,1
DA:34,1
DA:39,1
DA:40,1
DA:46,7
DA:53,7
DA:99,5
DA:125,7
DA:126,3
DA:135,7
LF:25
LH:24
BRDA:16,0,0,1
BRDA:16,0,1,0
BRDA:20,1,0,0
BRDA:20,1,1,1
BRF:4
BRH:2
end_of_record
TN:
SF:src/components/SubHeader.js
FN:4,(anonymous_0)
FNF:1
FNH:1
FNDA:5,(anonymous_0)
DA:4,3
DA:5,5
DA:6,5
DA:9,5
LF:4
LH:4
BRF:0
BRH:0
end_of_record
TN:
SF:src/components/Users.js
FN:9,(anonymous_0)
FN:11,(anonymous_1)
FN:14,(anonymous_2)
FN:25,(anonymous_3)
FNF:4
FNH:4
FNDA:6,(anonymous_0)
FNDA:1,(anonymous_1)
FNDA:4,(anonymous_2)
FNDA:3,(anonymous_3)
DA:7,2
DA:9,2
DA:10,6
DA:11,6
DA:12,1
DA:13,1
DA:14,1
DA:15,4
DA:21,1
DA:25,6
DA:67,6
LF:11
LH:11
BRDA:12,0,0,1
BRDA:12,0,1,0
BRF:2
BRH:1
end_of_record
TN:
SF:src/layout/Layout.js
FN:5,(anonymous_0)
FNF:1
FNH:1
FNDA:4,(anonymous_0)
DA:5,2
DA:6,4
LF:2
LH:2
BRF:0
BRH:0
end_of_record
TN:
SF:src/pages/Home.js
FN:11,(anonymous_0)
FN:15,(anonymous_1)
FN:17,(anonymous_2)
FN:18,(anonymous_3)
FN:19,(anonymous_4)
FN:20,(anonymous_5)
FN:45,(anonymous_6)
FN:52,(anonymous_7)
FN:54,(anonymous_8)
FN:67,(anonymous_9)
FN:71,(anonymous_10)
FNF:11
FNH:6
FNDA:4,(anonymous_0)
FNDA:1,(anonymous_1)
FNDA:1,(anonymous_2)
FNDA:1,(anonymous_3)
FNDA:0,(anonymous_4)
FNDA:1,(anonymous_5)
FNDA:1,(anonymous_6)
FNDA:0,(anonymous_7)
FNDA:0,(anonymous_8)
FNDA:0,(anonymous_9)
FNDA:0,(anonymous_10)
DA:11,1
DA:12,4
DA:13,3
DA:15,3
DA:16,1
DA:17,1
DA:18,1
DA:19,0
DA:20,1
DA:23,3
DA:45,1
DA:46,1
DA:47,1
DA:48,1
DA:49,1
DA:50,1
DA:52,1
DA:53,0
DA:54,0
DA:55,0
DA:56,0
DA:57,0
DA:59,0
DA:60,0
DA:61,0
DA:62,0
DA:63,0
DA:67,1
DA:68,0
DA:69,0
DA:70,0
DA:71,0
DA:72,0
DA:74,0
DA:78,1
LF:35
LH:18
BRDA:18,0,0,1
BRDA:18,0,1,1
BRDA:26,1,0,2
BRDA:26,1,1,1
BRDA:34,2,0,1
BRDA:34,2,1,1
BRDA:45,3,0,0
BRDA:53,4,0,0
BRDA:53,4,1,0
BRDA:68,5,0,0
BRDA:68,5,1,0
BRDA:68,6,0,0
BRDA:68,6,1,0
BRDA:72,7,0,0
BRDA:72,7,1,0
BRDA:72,7,2,0
BRDA:72,7,3,0
BRF:17
BRH:6
end_of_record
